warning: output eDP-1 not found; ignoring
warning: output DP-1-1-8 not found; ignoring
warning: output HDMI-1 not found; ignoring
warning: output DP-2 not found; ignoring
warning: output DP-1 not found; ignoring
monitor: Invalid descriptor found in 'eDP-1'.
xrandr is /usr/bin/xrandr
Polybar launched...
polybar|error: Monitor "eDP1" not found or disconnected
polybar|warn:  pulseaudio: using default sink alsa_output.pci-0000_00_1f.3-platform-skl_hda_dsp_generic.HiFi__hw_sofhdadsp__sink
polybar|warn:  Termination signal received, shutting down...
xrandr is /usr/bin/xrandr
Polybar launched...
polybar|error: Monitor "DP1" not found or disconnected
polybar|error: Monitor "DP2" not found or disconnected
polybar|warn:  pulseaudio: using default sink alsa_output.pci-0000_00_1f.3-platform-skl_hda_dsp_generic.HiFi___ucm0005.hw_sofhdadsp_4__sink
polybar|warn:  Termination signal received, shutting down...
xrandr is /usr/bin/xrandr
Polybar launched...
polybar|error: Monitor "DP2" not found or disconnected
polybar|error: Monitor "DP1" not found or disconnected
polybar|warn:  pulseaudio: using default sink alsa_output.pci-0000_00_1f.3-platform-skl_hda_dsp_generic.HiFi___ucm0005.hw_sofhdadsp_3__sink
polybar|warn:  Termination signal received, shutting down...
warning: output DP1 not found; ignoring
warning: output DP1 not found; ignoring
xrandr is /usr/bin/xrandr
Polybar launched...
polybar|notice:  Parsing config file: /home/lorenz/.config/polybar/config
polybar|notice:  Parsing config file: /home/lorenz/.config/polybar/config
polybar|notice:  Parsing config file: /home/lorenz/.config/polybar/config
polybar|error: Monitor "DP-2" not found or disconnected
polybar|error: Monitor "DP-1" not found or disconnected
polybar|notice:  pulseaudio: using default sink alsa_output.pci-0000_00_1f.3-platform-skl_hda_dsp_generic.HiFi__hw_sofhdadsp__sink
polybar|notice:  Loaded font "Fantasque Sans Mono:style=Bold:size=15" (name=DejaVu Sans, offset=2, file=/usr/share/fonts/TTF/DejaVuSans-Bold.ttf)
polybar|notice:  Loaded font "SauceCodePro Nerd Font:style=Bold:size=15" (name=SauceCodePro Nerd Font, offset=2, file=/usr/share/fonts/TTF/Sauce Code Pro Bold Nerd Font Complete.ttf)
polybar|notice:  Termination signal received, shutting down...
xrandr is /usr/bin/xrandr
Polybar launched...
polybar|notice:  Parsing config file: /home/lorenz/.config/polybar/config
polybar|notice:  Parsing config file: /home/lorenz/.config/polybar/config
polybar|notice:  Parsing config file: /home/lorenz/.config/polybar/config
polybar|error: Monitor "eDP-1" not found or disconnected
polybar|notice:  pulseaudio: using default sink alsa_output.pci-0000_00_1f.3-platform-skl_hda_dsp_generic.HiFi__hw_sofhdadsp__sink
polybar|notice:  pulseaudio: using default sink alsa_output.pci-0000_00_1f.3-platform-skl_hda_dsp_generic.HiFi__hw_sofhdadsp__sink
polybar|notice:  Loaded font "Fantasque Sans Mono:style=Bold:size=15" (name=DejaVu Sans, offset=2, file=/usr/share/fonts/TTF/DejaVuSans-Bold.ttf)
polybar|notice:  Loaded font "SauceCodePro Nerd Font:style=Bold:size=15" (name=SauceCodePro Nerd Font, offset=2, file=/usr/share/fonts/TTF/Sauce Code Pro Bold Nerd Font Complete.ttf)
polybar|warn:  Systray selection already managed (window=0x2000005)
polybar|notice:  Loaded font "Fantasque Sans Mono:style=Bold:size=15" (name=DejaVu Sans, offset=2, file=/usr/share/fonts/TTF/DejaVuSans-Bold.ttf)
polybar|notice:  Loaded font "SauceCodePro Nerd Font:style=Bold:size=15" (name=SauceCodePro Nerd Font, offset=2, file=/usr/share/fonts/TTF/Sauce Code Pro Bold Nerd Font Complete.ttf)
polybar|warn:  Systray selection already managed (window=0x2000005)
polybar|notice:  Termination signal received, shutting down...
polybar|notice:  Termination signal received, shutting down...
polybar|notice:  pulseaudio: using default sink alsa_output.pci-0000_00_1f.3-platform-skl_hda_dsp_generic.HiFi__hw_sofhdadsp__sink
polybar|notice:  pulseaudio: using default sink alsa_output.pci-0000_00_1f.3-platform-skl_hda_dsp_generic.HiFi__hw_sofhdadsp__sink
polybar|notice:  pulseaudio: using default sink alsa_output.pci-0000_00_1f.3-platform-skl_hda_dsp_generic.HiFi__hw_sofhdadsp__sink
polybar|notice:  pulseaudio: using default sink alsa_output.pci-0000_00_1f.3-platform-skl_hda_dsp_generic.HiFi__hw_sofhdadsp__sink
polybar|notice:  pulseaudio: using default sink alsa_output.pci-0000_00_1f.3-platform-skl_hda_dsp_generic.HiFi__hw_sofhdadsp__sink
polybar|notice:  pulseaudio: using default sink alsa_output.pci-0000_00_1f.3-platform-skl_hda_dsp_generic.HiFi__hw_sofhdadsp__sink
